<?xml version="1.0" encoding="UTF-8"?>
<testsuite xmlns:xsi="http://www.w3.org/2001/XMLSchema-instance" xsi:noNamespaceSchemaLocation="https://maven.apache.org/surefire/maven-surefire-plugin/xsd/surefire-test-report.xsd" name="spintax4j.ContentSpinnerTest" time="0.502" tests="4" errors="0" skipped="0" failures="0">
  <properties>
[...]
</properties>
  <testcase name="spintax4j.ContentSpinnerTest.testInvalidSpintaxThrowsIllegalArgument" classname="spintax4j.ContentSpinnerTest" time="0.482"/>
  <testcase name="spintax4j.ContentSpinnerTest.testSpinningWithoutSpintaxReturnsSameString" classname="spintax4j.ContentSpinnerTest" time="0.008"/>
  <testcase name="spintax4j.ContentSpinnerTest.testSpinningResultsInExpectedString" classname="spintax4j.ContentSpinnerTest" time="0.002"/>
  <testcase name="spintax4j.ContentSpinnerTest.testNestedSpinningResultsInExpectedString" classname="spintax4j.ContentSpinnerTest" time="0.005"/>
</testsuite>